<?xml version="1.0" encoding="UTF-8"?>
<!-- Generated by org.testng.reporters.JUnitXMLReporter -->
<testsuite ignored="0" hostname="DESKTOP-BV1SEVA" failures="0" tests="3" name="Default test" time="34.554" errors="0" timestamp="2024-09-30T23:40:08 MYT">
  <testcase classname="ecoss.Test.PurchaseOrderTest" name="OrderVerification" time="10.816"/>
  <testcase classname="ecoss.Test.PurchaseOrderTest" name="RegisterAccount" time="6.638"/>
  <testcase classname="ecoss.Test.PurchaseOrderTest" name="SubmitOrder" time="13.566"/>
</testsuite> <!-- Default test -->
