<?xml version="1.0" encoding="UTF-8"?>
<!-- Generated by org.testng.reporters.JUnitXMLReporter -->
<testsuite ignored="1" hostname="DESKTOP-BV1SEVA" failures="0" tests="4" name="Submit Order" time="47.971" errors="0" timestamp="2024-10-10T01:22:51 MYT">
  <testcase classname="ecoss.Test.PurchaseOrderTest" name="ASubmitOrder" time="9.574"/>
  <testcase classname="ecoss.Test.PurchaseOrderTest" name="ASubmitOrder" time="9.545"/>
  <testcase classname="ecoss.Test.PurchaseOrderTest" name="BOrderVerification" time="7.439"/>
  <testcase classname="ecoss.Test.PurchaseOrderTest" name="BOrderVerification" time="7.412"/>
  <testcase classname="ecoss.Test.PurchaseOrderTest" name="RegisterAccount" time="0.0">
    <ignored/>
  </testcase> <!-- RegisterAccount -->
</testsuite> <!-- Submit Order -->
