<?xml version="1.0" encoding="UTF-8"?>
<!-- Generated by org.testng.reporters.JUnitXMLReporter -->
<testsuite ignored="0" hostname="DESKTOP-BV1SEVA" failures="0" tests="3" name="Submit Order" time="82.155" errors="0" timestamp="2024-09-30T23:55:22 MYT">
  <testcase classname="ecoss.Test.PurchaseOrderTest" name="OrderVerification" time="10.623"/>
  <testcase classname="ecoss.Test.PurchaseOrderTest" name="RegisterAccount" time="29.537"/>
  <testcase classname="ecoss.Test.PurchaseOrderTest" name="SubmitOrder" time="15.116"/>
</testsuite> <!-- Submit Order -->
