<?xml version="1.0" encoding="UTF-8"?>
<testng-results ignored="0" total="4" passed="4" failed="0" skipped="0">
  <reporter-output>
  </reporter-output>
  <suite started-at="2024-10-10T01:22:03 MYT" name="Positive Test" finished-at="2024-10-10T01:22:51 MYT" duration-ms="47971">
    <groups>
      <group name="Sanity">
        <method signature="PurchaseOrderTest.ASubmitOrder(java.util.HashMap)[pri:0, instance:ecoss.Test.PurchaseOrderTest@6d60fe40]" name="ASubmitOrder" class="ecoss.Test.PurchaseOrderTest"/>
        <method signature="PurchaseOrderTest.BOrderVerification(java.util.HashMap)[pri:0, instance:ecoss.Test.PurchaseOrderTest@6d60fe40]" name="BOrderVerification" class="ecoss.Test.PurchaseOrderTest"/>
      </group> <!-- Sanity -->
    </groups>
    <test started-at="2024-10-10T01:22:03 MYT" name="Submit Order" finished-at="2024-10-10T01:22:51 MYT" duration-ms="47971">
      <class name="ecoss.Test.PurchaseOrderTest">
        <test-method is-config="true" signature="LaunchingSystem()[pri:0, instance:ecoss.Test.PurchaseOrderTest@6d60fe40]" started-at="2024-10-10T01:22:03 MYT" name="LaunchingSystem" finished-at="2024-10-10T01:22:06 MYT" duration-ms="3426" status="PASS">
          <reporter-output>
          </reporter-output>
        </test-method> <!-- LaunchingSystem -->
        <test-method signature="ASubmitOrder(java.util.HashMap)[pri:0, instance:ecoss.Test.PurchaseOrderTest@6d60fe40]" started-at="2024-10-10T01:22:06 MYT" name="ASubmitOrder" data-provider="getData" finished-at="2024-10-10T01:22:16 MYT" duration-ms="9574" status="PASS">
          <params>
            <param index="0">
              <value>
                <![CDATA[{productname=ZARA COAT 3, password=Abcd@123, useremail=Sakuragi@gmail.com}]]>
              </value>
            </param>
          </params>
          <reporter-output>
          </reporter-output>
        </test-method> <!-- ASubmitOrder -->
        <test-method is-config="true" signature="ClosingBrowser()[pri:0, instance:ecoss.Test.PurchaseOrderTest@6d60fe40]" started-at="2024-10-10T01:22:16 MYT" name="ClosingBrowser" finished-at="2024-10-10T01:22:16 MYT" duration-ms="87" status="PASS">
          <reporter-output>
          </reporter-output>
        </test-method> <!-- ClosingBrowser -->
        <test-method is-config="true" signature="LaunchingSystem()[pri:0, instance:ecoss.Test.PurchaseOrderTest@6d60fe40]" started-at="2024-10-10T01:22:16 MYT" name="LaunchingSystem" finished-at="2024-10-10T01:22:19 MYT" duration-ms="3077" status="PASS">
          <reporter-output>
          </reporter-output>
        </test-method> <!-- LaunchingSystem -->
        <test-method signature="ASubmitOrder(java.util.HashMap)[pri:0, instance:ecoss.Test.PurchaseOrderTest@6d60fe40]" started-at="2024-10-10T01:22:19 MYT" name="ASubmitOrder" data-provider="getData" finished-at="2024-10-10T01:22:29 MYT" duration-ms="9545" status="PASS">
          <params>
            <param index="0">
              <value>
                <![CDATA[{productname=ZARA COAT 3, password=Abcd@123, useremail=Sakuragi1@gmail.com}]]>
              </value>
            </param>
          </params>
          <reporter-output>
          </reporter-output>
        </test-method> <!-- ASubmitOrder -->
        <test-method is-config="true" signature="ClosingBrowser()[pri:0, instance:ecoss.Test.PurchaseOrderTest@6d60fe40]" started-at="2024-10-10T01:22:29 MYT" name="ClosingBrowser" finished-at="2024-10-10T01:22:29 MYT" duration-ms="102" status="PASS">
          <reporter-output>
          </reporter-output>
        </test-method> <!-- ClosingBrowser -->
        <test-method is-config="true" signature="LaunchingSystem()[pri:0, instance:ecoss.Test.PurchaseOrderTest@6d60fe40]" started-at="2024-10-10T01:22:29 MYT" name="LaunchingSystem" finished-at="2024-10-10T01:22:32 MYT" duration-ms="3333" status="PASS">
          <reporter-output>
          </reporter-output>
        </test-method> <!-- LaunchingSystem -->
        <test-method signature="BOrderVerification(java.util.HashMap)[pri:0, instance:ecoss.Test.PurchaseOrderTest@6d60fe40]" started-at="2024-10-10T01:22:32 MYT" name="BOrderVerification" data-provider="getData" finished-at="2024-10-10T01:22:40 MYT" duration-ms="7439" status="PASS">
          <params>
            <param index="0">
              <value>
                <![CDATA[{productname=ZARA COAT 3, password=Abcd@123, useremail=Sakuragi@gmail.com}]]>
              </value>
            </param>
          </params>
          <reporter-output>
          </reporter-output>
        </test-method> <!-- BOrderVerification -->
        <test-method is-config="true" signature="ClosingBrowser()[pri:0, instance:ecoss.Test.PurchaseOrderTest@6d60fe40]" started-at="2024-10-10T01:22:40 MYT" name="ClosingBrowser" finished-at="2024-10-10T01:22:40 MYT" duration-ms="100" status="PASS">
          <reporter-output>
          </reporter-output>
        </test-method> <!-- ClosingBrowser -->
        <test-method is-config="true" signature="LaunchingSystem()[pri:0, instance:ecoss.Test.PurchaseOrderTest@6d60fe40]" started-at="2024-10-10T01:22:40 MYT" name="LaunchingSystem" finished-at="2024-10-10T01:22:43 MYT" duration-ms="3021" status="PASS">
          <reporter-output>
          </reporter-output>
        </test-method> <!-- LaunchingSystem -->
        <test-method signature="BOrderVerification(java.util.HashMap)[pri:0, instance:ecoss.Test.PurchaseOrderTest@6d60fe40]" started-at="2024-10-10T01:22:43 MYT" name="BOrderVerification" data-provider="getData" finished-at="2024-10-10T01:22:50 MYT" duration-ms="7412" status="PASS">
          <params>
            <param index="0">
              <value>
                <![CDATA[{productname=ZARA COAT 3, password=Abcd@123, useremail=Sakuragi1@gmail.com}]]>
              </value>
            </param>
          </params>
          <reporter-output>
          </reporter-output>
        </test-method> <!-- BOrderVerification -->
        <test-method is-config="true" signature="ClosingBrowser()[pri:0, instance:ecoss.Test.PurchaseOrderTest@6d60fe40]" started-at="2024-10-10T01:22:51 MYT" name="ClosingBrowser" finished-at="2024-10-10T01:22:51 MYT" duration-ms="38" status="PASS">
          <reporter-output>
          </reporter-output>
        </test-method> <!-- ClosingBrowser -->
      </class> <!-- ecoss.Test.PurchaseOrderTest -->
    </test> <!-- Submit Order -->
  </suite> <!-- Positive Test -->
</testng-results>
