<?xml version="1.0" encoding="UTF-8"?>
<testng-results ignored="0" total="2" passed="2" failed="0" skipped="0">
  <reporter-output>
  </reporter-output>
  <suite started-at="2024-10-11T00:02:22 MYT" name="Negative Test" finished-at="2024-10-11T00:02:45 MYT" duration-ms="22909">
    <groups>
      <group name="Negative">
        <method signature="InValidPurchaseTest.invalidLoginCredentials(java.util.HashMap)[pri:0, instance:ecoss.Test.InValidPurchaseTest@1c9b0314]" name="invalidLoginCredentials" class="ecoss.Test.InValidPurchaseTest"/>
      </group> <!-- Negative -->
    </groups>
    <test started-at="2024-10-11T00:02:22 MYT" name="Submit Order" finished-at="2024-10-11T00:02:45 MYT" duration-ms="22909">
      <class name="ecoss.Test.InValidPurchaseTest">
        <test-method is-config="true" signature="LaunchingSystem()[pri:0, instance:ecoss.Test.InValidPurchaseTest@1c9b0314]" started-at="2024-10-11T00:02:22 MYT" name="LaunchingSystem" finished-at="2024-10-11T00:02:27 MYT" duration-ms="5121" status="PASS">
          <reporter-output>
          </reporter-output>
        </test-method> <!-- LaunchingSystem -->
        <test-method signature="invalidLoginCredentials(java.util.HashMap)[pri:0, instance:ecoss.Test.InValidPurchaseTest@1c9b0314]" started-at="2024-10-11T00:02:27 MYT" name="invalidLoginCredentials" data-provider="getNegativeData" finished-at="2024-10-11T00:02:34 MYT" duration-ms="7021" status="PASS">
          <params>
            <param index="0">
              <value>
                <![CDATA[{password=Abcd@124, useremail=Sakuragi@gmail.com}]]>
              </value>
            </param>
          </params>
          <reporter-output>
          </reporter-output>
        </test-method> <!-- invalidLoginCredentials -->
        <test-method is-config="true" signature="ClosingBrowser()[pri:0, instance:ecoss.Test.InValidPurchaseTest@1c9b0314]" started-at="2024-10-11T00:02:35 MYT" name="ClosingBrowser" finished-at="2024-10-11T00:02:35 MYT" duration-ms="58" status="PASS">
          <reporter-output>
          </reporter-output>
        </test-method> <!-- ClosingBrowser -->
        <test-method is-config="true" signature="LaunchingSystem()[pri:0, instance:ecoss.Test.InValidPurchaseTest@1c9b0314]" started-at="2024-10-11T00:02:35 MYT" name="LaunchingSystem" finished-at="2024-10-11T00:02:38 MYT" duration-ms="2974" status="PASS">
          <reporter-output>
          </reporter-output>
        </test-method> <!-- LaunchingSystem -->
        <test-method signature="invalidLoginCredentials(java.util.HashMap)[pri:0, instance:ecoss.Test.InValidPurchaseTest@1c9b0314]" started-at="2024-10-11T00:02:38 MYT" name="invalidLoginCredentials" data-provider="getNegativeData" finished-at="2024-10-11T00:02:45 MYT" duration-ms="6906" status="PASS">
          <params>
            <param index="0">
              <value>
                <![CDATA[{password=Abcd@123, useremail=Sak@gmail.com}]]>
              </value>
            </param>
          </params>
          <reporter-output>
          </reporter-output>
        </test-method> <!-- invalidLoginCredentials -->
        <test-method is-config="true" signature="ClosingBrowser()[pri:0, instance:ecoss.Test.InValidPurchaseTest@1c9b0314]" started-at="2024-10-11T00:02:45 MYT" name="ClosingBrowser" finished-at="2024-10-11T00:02:45 MYT" duration-ms="56" status="PASS">
          <reporter-output>
          </reporter-output>
        </test-method> <!-- ClosingBrowser -->
      </class> <!-- ecoss.Test.InValidPurchaseTest -->
    </test> <!-- Submit Order -->
  </suite> <!-- Negative Test -->
</testng-results>
